<?xml version="1.0" encoding="UTF-8"?>
<!-- Generated by org.testng.reporters.JUnitReportReporter -->
<testsuite hostname="desktop1" failures="0" tests="1" name="api.test.usertests.test_LogoutUser" time="1.840" errors="0" timestamp="2024-07-15T16:48:04 BDT" skipped="0">
  <testcase classname="api.test.usertests.test_LogoutUser" name="test_logoutuser" time="1.840"/>
  <system-out/>
</testsuite> <!-- api.test.usertests.test_LogoutUser -->
