<?xml version="1.0" encoding="UTF-8"?>
<!-- Generated by org.testng.reporters.JUnitReportReporter -->
<testsuite hostname="desktop1" failures="0" tests="4" name="api.tests.DDtests.test_DDTDeleteUser" time="5.441" errors="0" timestamp="2024-07-15T15:39:48 BDT" skipped="0">
  <testcase classname="api.tests.DDtests.test_DDTDeleteUser" name="test_deleteuser" time="1.397"/>
  <system-out/>
  <testcase classname="api.tests.DDtests.test_DDTDeleteUser" name="test_deleteuser" time="1.416"/>
  <system-out/>
  <testcase classname="api.tests.DDtests.test_DDTDeleteUser" name="test_deleteuser" time="1.289"/>
  <system-out/>
  <testcase classname="api.tests.DDtests.test_DDTDeleteUser" name="test_deleteuser" time="1.339"/>
  <system-out/>
</testsuite> <!-- api.tests.DDtests.test_DDTDeleteUser -->
