<?xml version="1.0" encoding="UTF-8"?>
<!-- Generated by org.testng.reporters.JUnitReportReporter -->
<testsuite hostname="desktop1" failures="0" tests="1" name="api.test.test_LogoutUser" time="3.598" errors="0" timestamp="2024-07-16T11:28:56 BDT" skipped="0">
  <testcase classname="api.test.test_LogoutUser" name="test_logoutuser" time="3.598"/>
  <system-out/>
</testsuite> <!-- api.test.test_LogoutUser -->
